Arguments: 
  /Users/zhangshitao/.nvm/versions/node/v8.12.0/bin/node /usr/local/Cellar/yarn/1.12.1/libexec/bin/yarn.js

PATH: 
  /usr/local/opt/mysql@5.6/bin:/Users/zhangshitao/.nvm/versions/node/v8.12.0/bin:/usr/local/bin:/usr/bin:/bin:/usr/sbin:/sbin:/Library/Frameworks/Mono.framework/Versions/Current/Commands:/Applications/Wireshark.app/Contents/MacOS

Yarn version: 
  1.12.1

Node version: 
  8.12.0

Platform: 
  darwin x64

Trace: 
  Error: https://registry.npmjs.org/typescript/-/typescript-3.5.1.tgz: unexpected end of file
      at Gunzip.zlibOnError (zlib.js:153:15)

npm manifest: 
  {
      "name": "stb",
      "version": "8.0.0-beta.1",
      "description": "📺STB TV端全栈解决方案。Android、Linux、电信、移动、广电",
      "main": "none",
      "scripts": {
          "mon:win": "./monitor.exe",
          "mon:mac": "./monitor",
          "build": "webpack -d",
          "release": "webpack -p",
          "dev": "webpack-dev-server --inline --progress"
      },
      "keywords": [
          "stb",
          "epg",
          "iptv",
          "tv",
          "virtual dom",
          "vdom",
          "starter",
          "frontend",
          "preact",
          "redux",
          "typescript",
          "webpack",
          "components",
          "virtual",
          "dom",
          "android",
          "linux",
          "电信",
          "移动",
          "广电"
      ],
      "author": "shitaozhang",
      "license": "MIT",
      "repository": {
          "type": "git",
          "url": "https://github.com/shitaozhang/stb.git"
      },
      "bugs": {
          "url": "https://github.com/shitaozhang/stb/issues"
      },
      "homepage": "https://github.com/shitaozhang",
      "dependencies": {
          "bootstrap-epg": "0.0.1-beta",
          "mobx": "4.0.0",
          "mobx-stb": "0.0.1-beta.0",
          "stb-conllection": "0.0.5-beta.1",
          "stb-cookie": "0.0.1-beta.2",
          "stb-decorator": "0.0.2-beta.2",
          "stb-event": "0.1.0-beta",
          "stb-key": "0.0.1-beta",
          "stb-plugin": "0.0.0-beta.1",
          "stb-react": "0.5.1-beta.2",
          "stb-shadow": "0.0.4-beta.1",
          "stb-tools": "0.0.9-beta.7",
          "typescript": "^3.4.5"
        },
        "devDependencies": {
          "awesome-typescript-loader": "^5.2.1",
          "clean-webpack-plugin": "^2.0.1",
          "copy-webpack-plugin": "^5.0.3",
          "css-loader": "^2.1.1",
          "es3ify-loader": "^0.2.0",
          "file-loader": "^3.0.1",
          "less": "^3.9.0",
          "less-loader": "^5.0.0",
          "mini-css-extract-plugin": "^0.6.0",
          "web-webpack-plugin": "4.0.1",
          "webpack": "^4.30.0",
          "webpack-cli": "^3.3.1",
          "webpack-dev-server": "^3.3.1"
        }
  }

yarn manifest: 
  No manifest

Lockfile: 
  No lockfile
